{"/media/thais/Projetos/Projetos/dev/GoStack-Novo-Nivel03/appgobarber/src/components/Button/index.tsx": {"path":"/media/thais/Projetos/Projetos/dev/GoStack-Novo-Nivel03/appgobarber/src/components/Button/index.tsx","statementMap":{"0":{"start":{"line":10,"column":38},"end":{"line":14,"column":1}},"1":{"start":{"line":11,"column":2},"end":{"line":13,"column":14}}},"fnMap":{"0":{"name":"(anonymous_0)","decl":{"start":{"line":10,"column":38},"end":{"line":10,"column":39}},"loc":{"start":{"line":11,"column":2},"end":{"line":13,"column":14}},"line":11}},"branchMap":{},"s":{"0":1,"1":1},"f":{"0":1},"b":{},"_coverageSchema":"1a1c01bbd47fc00a2c39e90264f33305004495a9","hash":"e3ce3926c67ba1edf82e7752818d7cc2e58bce35"}
,"/media/thais/Projetos/Projetos/dev/GoStack-Novo-Nivel03/appgobarber/src/components/Input/index.tsx": {"path":"/media/thais/Projetos/Projetos/dev/GoStack-Novo-Nivel03/appgobarber/src/components/Input/index.tsx","statementMap":{"0":{"start":{"line":28,"column":66},"end":{"line":102,"column":1}},"1":{"start":{"line":34,"column":26},"end":{"line":34,"column":43}},"2":{"start":{"line":38,"column":6},"end":{"line":38,"column":20}},"3":{"start":{"line":39,"column":24},"end":{"line":39,"column":76}},"4":{"start":{"line":41,"column":36},"end":{"line":41,"column":51}},"5":{"start":{"line":42,"column":34},"end":{"line":42,"column":49}},"6":{"start":{"line":44,"column":27},"end":{"line":46,"column":8}},"7":{"start":{"line":45,"column":4},"end":{"line":45,"column":23}},"8":{"start":{"line":48,"column":26},"end":{"line":52,"column":8}},"9":{"start":{"line":49,"column":4},"end":{"line":49,"column":24}},"10":{"start":{"line":51,"column":4},"end":{"line":51,"column":47}},"11":{"start":{"line":54,"column":2},"end":{"line":56,"column":21}},"12":{"start":{"line":55,"column":4},"end":{"line":55,"column":47}},"13":{"start":{"line":58,"column":2},"end":{"line":62,"column":6}},"14":{"start":{"line":58,"column":34},"end":{"line":62,"column":3}},"15":{"start":{"line":60,"column":6},"end":{"line":60,"column":38}},"16":{"start":{"line":64,"column":2},"end":{"line":78,"column":33}},"17":{"start":{"line":65,"column":4},"end":{"line":77,"column":7}},"18":{"start":{"line":70,"column":8},"end":{"line":70,"column":44}},"19":{"start":{"line":71,"column":8},"end":{"line":71,"column":64}},"20":{"start":{"line":74,"column":8},"end":{"line":74,"column":41}},"21":{"start":{"line":75,"column":8},"end":{"line":75,"column":40}},"22":{"start":{"line":80,"column":2},"end":{"line":101,"column":4}},"23":{"start":{"line":96,"column":10},"end":{"line":96,"column":46}}},"fnMap":{"0":{"name":"(anonymous_0)","decl":{"start":{"line":28,"column":66},"end":{"line":28,"column":67}},"loc":{"start":{"line":33,"column":5},"end":{"line":102,"column":1}},"line":33},"1":{"name":"(anonymous_1)","decl":{"start":{"line":44,"column":39},"end":{"line":44,"column":40}},"loc":{"start":{"line":44,"column":45},"end":{"line":46,"column":3}},"line":44},"2":{"name":"(anonymous_2)","decl":{"start":{"line":48,"column":38},"end":{"line":48,"column":39}},"loc":{"start":{"line":48,"column":44},"end":{"line":52,"column":3}},"line":48},"3":{"name":"(anonymous_3)","decl":{"start":{"line":54,"column":12},"end":{"line":54,"column":13}},"loc":{"start":{"line":54,"column":18},"end":{"line":56,"column":3}},"line":54},"4":{"name":"(anonymous_4)","decl":{"start":{"line":58,"column":27},"end":{"line":58,"column":28}},"loc":{"start":{"line":58,"column":34},"end":{"line":62,"column":3}},"line":58},"5":{"name":"(anonymous_5)","decl":{"start":{"line":59,"column":4},"end":{"line":59,"column":5}},"loc":{"start":{"line":59,"column":12},"end":{"line":61,"column":5}},"line":59},"6":{"name":"(anonymous_6)","decl":{"start":{"line":64,"column":12},"end":{"line":64,"column":13}},"loc":{"start":{"line":64,"column":18},"end":{"line":78,"column":3}},"line":64},"7":{"name":"(anonymous_7)","decl":{"start":{"line":69,"column":6},"end":{"line":69,"column":7}},"loc":{"start":{"line":69,"column":40},"end":{"line":72,"column":7}},"line":69},"8":{"name":"(anonymous_8)","decl":{"start":{"line":73,"column":6},"end":{"line":73,"column":7}},"loc":{"start":{"line":73,"column":27},"end":{"line":76,"column":7}},"line":73},"9":{"name":"(anonymous_9)","decl":{"start":{"line":95,"column":22},"end":{"line":95,"column":23}},"loc":{"start":{"line":95,"column":33},"end":{"line":97,"column":9}},"line":95}},"branchMap":{"0":{"loc":{"start":{"line":30,"column":16},"end":{"line":30,"column":35}},"type":"default-arg","locations":[{"start":{"line":30,"column":33},"end":{"line":30,"column":35}}],"line":30},"1":{"loc":{"start":{"line":37,"column":19},"end":{"line":37,"column":36}},"type":"default-arg","locations":[{"start":{"line":37,"column":34},"end":{"line":37,"column":36}}],"line":37},"2":{"loc":{"start":{"line":85,"column":15},"end":{"line":85,"column":60}},"type":"cond-expr","locations":[{"start":{"line":85,"column":39},"end":{"line":85,"column":48}},{"start":{"line":85,"column":51},"end":{"line":85,"column":60}}],"line":85},"3":{"loc":{"start":{"line":85,"column":15},"end":{"line":85,"column":36}},"type":"binary-expr","locations":[{"start":{"line":85,"column":15},"end":{"line":85,"column":24}},{"start":{"line":85,"column":28},"end":{"line":85,"column":36}}],"line":85}},"s":{"0":1,"1":2,"2":2,"3":2,"4":2,"5":2,"6":2,"7":0,"8":2,"9":0,"10":0,"11":2,"12":2,"13":2,"14":1,"15":0,"16":2,"17":2,"18":0,"19":0,"20":0,"21":0,"22":2,"23":0},"f":{"0":2,"1":0,"2":0,"3":2,"4":1,"5":0,"6":2,"7":0,"8":0,"9":0},"b":{"0":[2],"1":[2],"2":[0,2],"3":[2,2]},"_coverageSchema":"1a1c01bbd47fc00a2c39e90264f33305004495a9","hash":"9f341d271061e2060427b1bbfe7a714886434b3d"}
,"/media/thais/Projetos/Projetos/dev/GoStack-Novo-Nivel03/appgobarber/src/hooks/auth.tsx": {"path":"/media/thais/Projetos/Projetos/dev/GoStack-Novo-Nivel03/appgobarber/src/hooks/auth.tsx","statementMap":{"0":{"start":{"line":34,"column":20},"end":{"line":34,"column":73}},"1":{"start":{"line":36,"column":38},"end":{"line":107,"column":1}},"2":{"start":{"line":37,"column":26},"end":{"line":37,"column":62}},"3":{"start":{"line":38,"column":32},"end":{"line":38,"column":46}},"4":{"start":{"line":40,"column":2},"end":{"line":56,"column":9}},"5":{"start":{"line":42,"column":28},"end":{"line":45,"column":8}},"6":{"start":{"line":47,"column":6},"end":{"line":51,"column":7}},"7":{"start":{"line":48,"column":8},"end":{"line":48,"column":66}},"8":{"start":{"line":50,"column":8},"end":{"line":50,"column":64}},"9":{"start":{"line":52,"column":6},"end":{"line":52,"column":24}},"10":{"start":{"line":55,"column":4},"end":{"line":55,"column":23}},"11":{"start":{"line":58,"column":17},"end":{"line":74,"column":8}},"12":{"start":{"line":59,"column":21},"end":{"line":62,"column":6}},"13":{"start":{"line":64,"column":28},"end":{"line":64,"column":41}},"14":{"start":{"line":66,"column":4},"end":{"line":69,"column":7}},"15":{"start":{"line":71,"column":4},"end":{"line":71,"column":59}},"16":{"start":{"line":73,"column":4},"end":{"line":73,"column":29}},"17":{"start":{"line":76,"column":18},"end":{"line":80,"column":8}},"18":{"start":{"line":77,"column":4},"end":{"line":77,"column":74}},"19":{"start":{"line":79,"column":4},"end":{"line":79,"column":29}},"20":{"start":{"line":82,"column":21},"end":{"line":92,"column":3}},"21":{"start":{"line":84,"column":6},"end":{"line":84,"column":73}},"22":{"start":{"line":86,"column":6},"end":{"line":89,"column":9}},"23":{"start":{"line":94,"column":2},"end":{"line":106,"column":4}},"24":{"start":{"line":110,"column":18},"end":{"line":110,"column":41}},"25":{"start":{"line":112,"column":2},"end":{"line":114,"column":3}},"26":{"start":{"line":113,"column":4},"end":{"line":113,"column":67}},"27":{"start":{"line":116,"column":2},"end":{"line":116,"column":17}}},"fnMap":{"0":{"name":"(anonymous_0)","decl":{"start":{"line":36,"column":38},"end":{"line":36,"column":39}},"loc":{"start":{"line":36,"column":56},"end":{"line":107,"column":1}},"line":36},"1":{"name":"(anonymous_1)","decl":{"start":{"line":40,"column":12},"end":{"line":40,"column":13}},"loc":{"start":{"line":40,"column":18},"end":{"line":56,"column":3}},"line":40},"2":{"name":"loadStoragedData","decl":{"start":{"line":41,"column":19},"end":{"line":41,"column":35}},"loc":{"start":{"line":41,"column":53},"end":{"line":53,"column":5}},"line":41},"3":{"name":"(anonymous_3)","decl":{"start":{"line":58,"column":29},"end":{"line":58,"column":30}},"loc":{"start":{"line":58,"column":60},"end":{"line":74,"column":3}},"line":58},"4":{"name":"(anonymous_4)","decl":{"start":{"line":76,"column":30},"end":{"line":76,"column":31}},"loc":{"start":{"line":76,"column":42},"end":{"line":80,"column":3}},"line":76},"5":{"name":"(anonymous_5)","decl":{"start":{"line":83,"column":4},"end":{"line":83,"column":5}},"loc":{"start":{"line":83,"column":26},"end":{"line":90,"column":5}},"line":83},"6":{"name":"useAuth","decl":{"start":{"line":109,"column":16},"end":{"line":109,"column":23}},"loc":{"start":{"line":109,"column":43},"end":{"line":117,"column":1}},"line":109}},"branchMap":{"0":{"loc":{"start":{"line":47,"column":6},"end":{"line":51,"column":7}},"type":"if","locations":[{"start":{"line":47,"column":6},"end":{"line":51,"column":7}},{"start":{"line":47,"column":6},"end":{"line":51,"column":7}}],"line":47},"1":{"loc":{"start":{"line":47,"column":10},"end":{"line":47,"column":29}},"type":"binary-expr","locations":[{"start":{"line":47,"column":10},"end":{"line":47,"column":18}},{"start":{"line":47,"column":22},"end":{"line":47,"column":29}}],"line":47},"2":{"loc":{"start":{"line":112,"column":2},"end":{"line":114,"column":3}},"type":"if","locations":[{"start":{"line":112,"column":2},"end":{"line":114,"column":3}},{"start":{"line":112,"column":2},"end":{"line":114,"column":3}}],"line":112}},"s":{"0":1,"1":1,"2":0,"3":0,"4":0,"5":0,"6":0,"7":0,"8":0,"9":0,"10":0,"11":0,"12":0,"13":0,"14":0,"15":0,"16":0,"17":0,"18":0,"19":0,"20":0,"21":0,"22":0,"23":0,"24":1,"25":1,"26":0,"27":1},"f":{"0":0,"1":0,"2":0,"3":0,"4":0,"5":0,"6":1},"b":{"0":[0,0],"1":[0,0],"2":[0,1]},"_coverageSchema":"1a1c01bbd47fc00a2c39e90264f33305004495a9","hash":"1623a037a042610ada943da7aab8d8e64ad0f40c"}
,"/media/thais/Projetos/Projetos/dev/GoStack-Novo-Nivel03/appgobarber/src/pages/AppointmentCreated/index.tsx": {"path":"/media/thais/Projetos/Projetos/dev/GoStack-Novo-Nivel03/appgobarber/src/pages/AppointmentCreated/index.tsx","statementMap":{"0":{"start":{"line":19,"column":36},"end":{"line":56,"column":1}},"1":{"start":{"line":20,"column":20},"end":{"line":20,"column":35}},"2":{"start":{"line":21,"column":21},"end":{"line":21,"column":31}},"3":{"start":{"line":23,"column":22},"end":{"line":23,"column":43}},"4":{"start":{"line":25,"column":26},"end":{"line":34,"column":13}},"5":{"start":{"line":26,"column":4},"end":{"line":33,"column":7}},"6":{"start":{"line":36,"column":24},"end":{"line":42,"column":24}},"7":{"start":{"line":37,"column":4},"end":{"line":41,"column":6}},"8":{"start":{"line":44,"column":2},"end":{"line":55,"column":4}}},"fnMap":{"0":{"name":"(anonymous_0)","decl":{"start":{"line":19,"column":36},"end":{"line":19,"column":37}},"loc":{"start":{"line":19,"column":42},"end":{"line":56,"column":1}},"line":19},"1":{"name":"(anonymous_1)","decl":{"start":{"line":25,"column":38},"end":{"line":25,"column":39}},"loc":{"start":{"line":25,"column":44},"end":{"line":34,"column":3}},"line":25},"2":{"name":"(anonymous_2)","decl":{"start":{"line":36,"column":32},"end":{"line":36,"column":33}},"loc":{"start":{"line":36,"column":38},"end":{"line":42,"column":3}},"line":36}},"branchMap":{},"s":{"0":0,"1":0,"2":0,"3":0,"4":0,"5":0,"6":0,"7":0,"8":0},"f":{"0":0,"1":0,"2":0},"b":{}}
,"/media/thais/Projetos/Projetos/dev/GoStack-Novo-Nivel03/appgobarber/src/pages/CreateAppointment/index.tsx": {"path":"/media/thais/Projetos/Projetos/dev/GoStack-Novo-Nivel03/appgobarber/src/pages/CreateAppointment/index.tsx","statementMap":{"0":{"start":{"line":51,"column":36},"end":{"line":263,"column":1}},"1":{"start":{"line":52,"column":19},"end":{"line":52,"column":28}},"2":{"start":{"line":53,"column":16},"end":{"line":53,"column":26}},"3":{"start":{"line":54,"column":21},"end":{"line":54,"column":36}},"4":{"start":{"line":55,"column":21},"end":{"line":55,"column":36}},"5":{"start":{"line":56,"column":22},"end":{"line":56,"column":49}},"6":{"start":{"line":58,"column":42},"end":{"line":58,"column":74}},"7":{"start":{"line":59,"column":46},"end":{"line":59,"column":61}},"8":{"start":{"line":60,"column":42},"end":{"line":60,"column":62}},"9":{"start":{"line":61,"column":42},"end":{"line":61,"column":53}},"10":{"start":{"line":62,"column":36},"end":{"line":62,"column":60}},"11":{"start":{"line":63,"column":50},"end":{"line":65,"column":3}},"12":{"start":{"line":67,"column":2},"end":{"line":71,"column":9}},"13":{"start":{"line":68,"column":4},"end":{"line":70,"column":7}},"14":{"start":{"line":69,"column":6},"end":{"line":69,"column":34}},"15":{"start":{"line":73,"column":2},"end":{"line":85,"column":39}},"16":{"start":{"line":74,"column":4},"end":{"line":84,"column":9}},"17":{"start":{"line":83,"column":8},"end":{"line":83,"column":39}},"18":{"start":{"line":87,"column":23},"end":{"line":89,"column":14}},"19":{"start":{"line":88,"column":4},"end":{"line":88,"column":13}},"20":{"start":{"line":91,"column":33},"end":{"line":93,"column":8}},"21":{"start":{"line":92,"column":4},"end":{"line":92,"column":36}},"22":{"start":{"line":95,"column":33},"end":{"line":97,"column":8}},"23":{"start":{"line":96,"column":4},"end":{"line":96,"column":39}},"24":{"start":{"line":96,"column":31},"end":{"line":96,"column":37}},"25":{"start":{"line":99,"column":28},"end":{"line":110,"column":3}},"26":{"start":{"line":101,"column":6},"end":{"line":103,"column":7}},"27":{"start":{"line":102,"column":8},"end":{"line":102,"column":33}},"28":{"start":{"line":105,"column":6},"end":{"line":107,"column":7}},"29":{"start":{"line":106,"column":8},"end":{"line":106,"column":30}},"30":{"start":{"line":112,"column":34},"end":{"line":131,"column":64}},"31":{"start":{"line":113,"column":4},"end":{"line":130,"column":5}},"32":{"start":{"line":114,"column":19},"end":{"line":114,"column":41}},"33":{"start":{"line":116,"column":6},"end":{"line":116,"column":34}},"34":{"start":{"line":117,"column":6},"end":{"line":117,"column":25}},"35":{"start":{"line":119,"column":6},"end":{"line":122,"column":9}},"36":{"start":{"line":124,"column":6},"end":{"line":124,"column":74}},"37":{"start":{"line":126,"column":6},"end":{"line":129,"column":8}},"38":{"start":{"line":133,"column":30},"end":{"line":143,"column":20}},"39":{"start":{"line":134,"column":4},"end":{"line":142,"column":9}},"40":{"start":{"line":135,"column":28},"end":{"line":135,"column":37}},"41":{"start":{"line":137,"column":8},"end":{"line":141,"column":10}},"42":{"start":{"line":145,"column":32},"end":{"line":155,"column":20}},"43":{"start":{"line":146,"column":4},"end":{"line":154,"column":9}},"44":{"start":{"line":147,"column":28},"end":{"line":147,"column":38}},"45":{"start":{"line":149,"column":8},"end":{"line":153,"column":10}},"46":{"start":{"line":157,"column":27},"end":{"line":159,"column":8}},"47":{"start":{"line":158,"column":4},"end":{"line":158,"column":26}},"48":{"start":{"line":161,"column":2},"end":{"line":262,"column":4}},"49":{"start":{"line":179,"column":38},"end":{"line":179,"column":49}},"50":{"start":{"line":181,"column":14},"end":{"line":189,"column":34}},"51":{"start":{"line":182,"column":31},"end":{"line":182,"column":66}},"52":{"start":{"line":221,"column":20},"end":{"line":230,"column":27}},"53":{"start":{"line":225,"column":37},"end":{"line":225,"column":59}},"54":{"start":{"line":241,"column":20},"end":{"line":250,"column":27}},"55":{"start":{"line":245,"column":37},"end":{"line":245,"column":59}}},"fnMap":{"0":{"name":"(anonymous_0)","decl":{"start":{"line":51,"column":36},"end":{"line":51,"column":37}},"loc":{"start":{"line":51,"column":42},"end":{"line":263,"column":1}},"line":51},"1":{"name":"(anonymous_1)","decl":{"start":{"line":67,"column":12},"end":{"line":67,"column":13}},"loc":{"start":{"line":67,"column":18},"end":{"line":71,"column":3}},"line":67},"2":{"name":"(anonymous_2)","decl":{"start":{"line":68,"column":30},"end":{"line":68,"column":31}},"loc":{"start":{"line":68,"column":42},"end":{"line":70,"column":5}},"line":68},"3":{"name":"(anonymous_3)","decl":{"start":{"line":73,"column":12},"end":{"line":73,"column":13}},"loc":{"start":{"line":73,"column":18},"end":{"line":85,"column":3}},"line":73},"4":{"name":"(anonymous_4)","decl":{"start":{"line":82,"column":12},"end":{"line":82,"column":13}},"loc":{"start":{"line":82,"column":24},"end":{"line":84,"column":7}},"line":82},"5":{"name":"(anonymous_5)","decl":{"start":{"line":87,"column":35},"end":{"line":87,"column":36}},"loc":{"start":{"line":87,"column":41},"end":{"line":89,"column":3}},"line":87},"6":{"name":"(anonymous_6)","decl":{"start":{"line":91,"column":45},"end":{"line":91,"column":46}},"loc":{"start":{"line":91,"column":69},"end":{"line":93,"column":3}},"line":91},"7":{"name":"(anonymous_7)","decl":{"start":{"line":95,"column":45},"end":{"line":95,"column":46}},"loc":{"start":{"line":95,"column":51},"end":{"line":97,"column":3}},"line":95},"8":{"name":"(anonymous_8)","decl":{"start":{"line":96,"column":22},"end":{"line":96,"column":23}},"loc":{"start":{"line":96,"column":31},"end":{"line":96,"column":37}},"line":96},"9":{"name":"(anonymous_9)","decl":{"start":{"line":100,"column":4},"end":{"line":100,"column":5}},"loc":{"start":{"line":100,"column":44},"end":{"line":108,"column":5}},"line":100},"10":{"name":"(anonymous_10)","decl":{"start":{"line":112,"column":46},"end":{"line":112,"column":47}},"loc":{"start":{"line":112,"column":58},"end":{"line":131,"column":3}},"line":112},"11":{"name":"(anonymous_11)","decl":{"start":{"line":133,"column":38},"end":{"line":133,"column":39}},"loc":{"start":{"line":133,"column":44},"end":{"line":143,"column":3}},"line":133},"12":{"name":"(anonymous_12)","decl":{"start":{"line":135,"column":14},"end":{"line":135,"column":15}},"loc":{"start":{"line":135,"column":28},"end":{"line":135,"column":37}},"line":135},"13":{"name":"(anonymous_13)","decl":{"start":{"line":136,"column":11},"end":{"line":136,"column":12}},"loc":{"start":{"line":136,"column":36},"end":{"line":142,"column":7}},"line":136},"14":{"name":"(anonymous_14)","decl":{"start":{"line":145,"column":40},"end":{"line":145,"column":41}},"loc":{"start":{"line":145,"column":46},"end":{"line":155,"column":3}},"line":145},"15":{"name":"(anonymous_15)","decl":{"start":{"line":147,"column":14},"end":{"line":147,"column":15}},"loc":{"start":{"line":147,"column":28},"end":{"line":147,"column":38}},"line":147},"16":{"name":"(anonymous_16)","decl":{"start":{"line":148,"column":11},"end":{"line":148,"column":12}},"loc":{"start":{"line":148,"column":36},"end":{"line":154,"column":7}},"line":148},"17":{"name":"(anonymous_17)","decl":{"start":{"line":157,"column":39},"end":{"line":157,"column":40}},"loc":{"start":{"line":157,"column":57},"end":{"line":159,"column":3}},"line":157},"18":{"name":"(anonymous_18)","decl":{"start":{"line":179,"column":26},"end":{"line":179,"column":27}},"loc":{"start":{"line":179,"column":38},"end":{"line":179,"column":49}},"line":179},"19":{"name":"(anonymous_19)","decl":{"start":{"line":180,"column":24},"end":{"line":180,"column":25}},"loc":{"start":{"line":181,"column":14},"end":{"line":189,"column":34}},"line":181},"20":{"name":"(anonymous_20)","decl":{"start":{"line":182,"column":25},"end":{"line":182,"column":26}},"loc":{"start":{"line":182,"column":31},"end":{"line":182,"column":66}},"line":182},"21":{"name":"(anonymous_21)","decl":{"start":{"line":220,"column":18},"end":{"line":220,"column":19}},"loc":{"start":{"line":221,"column":20},"end":{"line":230,"column":27}},"line":221},"22":{"name":"(anonymous_22)","decl":{"start":{"line":225,"column":31},"end":{"line":225,"column":32}},"loc":{"start":{"line":225,"column":37},"end":{"line":225,"column":59}},"line":225},"23":{"name":"(anonymous_23)","decl":{"start":{"line":240,"column":18},"end":{"line":240,"column":19}},"loc":{"start":{"line":241,"column":20},"end":{"line":250,"column":27}},"line":241},"24":{"name":"(anonymous_24)","decl":{"start":{"line":245,"column":31},"end":{"line":245,"column":32}},"loc":{"start":{"line":245,"column":37},"end":{"line":245,"column":59}},"line":245}},"branchMap":{"0":{"loc":{"start":{"line":101,"column":6},"end":{"line":103,"column":7}},"type":"if","locations":[{"start":{"line":101,"column":6},"end":{"line":103,"column":7}},{"start":{"line":101,"column":6},"end":{"line":103,"column":7}}],"line":101},"1":{"loc":{"start":{"line":105,"column":6},"end":{"line":107,"column":7}},"type":"if","locations":[{"start":{"line":105,"column":6},"end":{"line":107,"column":7}},{"start":{"line":105,"column":6},"end":{"line":107,"column":7}}],"line":105},"2":{"loc":{"start":{"line":202,"column":11},"end":{"line":210,"column":11}},"type":"binary-expr","locations":[{"start":{"line":202,"column":11},"end":{"line":202,"column":25}},{"start":{"line":203,"column":12},"end":{"line":209,"column":14}}],"line":202}},"s":{"0":0,"1":0,"2":0,"3":0,"4":0,"5":0,"6":0,"7":0,"8":0,"9":0,"10":0,"11":0,"12":0,"13":0,"14":0,"15":0,"16":0,"17":0,"18":0,"19":0,"20":0,"21":0,"22":0,"23":0,"24":0,"25":0,"26":0,"27":0,"28":0,"29":0,"30":0,"31":0,"32":0,"33":0,"34":0,"35":0,"36":0,"37":0,"38":0,"39":0,"40":0,"41":0,"42":0,"43":0,"44":0,"45":0,"46":0,"47":0,"48":0,"49":0,"50":0,"51":0,"52":0,"53":0,"54":0,"55":0},"f":{"0":0,"1":0,"2":0,"3":0,"4":0,"5":0,"6":0,"7":0,"8":0,"9":0,"10":0,"11":0,"12":0,"13":0,"14":0,"15":0,"16":0,"17":0,"18":0,"19":0,"20":0,"21":0,"22":0,"23":0,"24":0},"b":{"0":[0,0],"1":[0,0],"2":[0,0]}}
,"/media/thais/Projetos/Projetos/dev/GoStack-Novo-Nivel03/appgobarber/src/pages/Dashboard/index.tsx": {"path":"/media/thais/Projetos/Projetos/dev/GoStack-Novo-Nivel03/appgobarber/src/pages/Dashboard/index.tsx","statementMap":{"0":{"start":{"line":33,"column":28},"end":{"line":106,"column":1}},"1":{"start":{"line":34,"column":36},"end":{"line":34,"column":60}},"2":{"start":{"line":36,"column":28},"end":{"line":36,"column":37}},"3":{"start":{"line":37,"column":23},"end":{"line":37,"column":38}},"4":{"start":{"line":39,"column":2},"end":{"line":43,"column":9}},"5":{"start":{"line":40,"column":4},"end":{"line":42,"column":7}},"6":{"start":{"line":41,"column":6},"end":{"line":41,"column":34}},"7":{"start":{"line":45,"column":28},"end":{"line":47,"column":16}},"8":{"start":{"line":46,"column":4},"end":{"line":46,"column":24}},"9":{"start":{"line":49,"column":27},"end":{"line":51,"column":15}},"10":{"start":{"line":50,"column":4},"end":{"line":50,"column":14}},"11":{"start":{"line":53,"column":38},"end":{"line":58,"column":3}},"12":{"start":{"line":55,"column":6},"end":{"line":55,"column":52}},"13":{"start":{"line":60,"column":2},"end":{"line":105,"column":4}},"14":{"start":{"line":79,"column":34},"end":{"line":79,"column":45}},"15":{"start":{"line":84,"column":10},"end":{"line":101,"column":30}},"16":{"start":{"line":85,"column":27},"end":{"line":85,"column":67}}},"fnMap":{"0":{"name":"(anonymous_0)","decl":{"start":{"line":33,"column":28},"end":{"line":33,"column":29}},"loc":{"start":{"line":33,"column":34},"end":{"line":106,"column":1}},"line":33},"1":{"name":"(anonymous_1)","decl":{"start":{"line":39,"column":12},"end":{"line":39,"column":13}},"loc":{"start":{"line":39,"column":18},"end":{"line":43,"column":3}},"line":39},"2":{"name":"(anonymous_2)","decl":{"start":{"line":40,"column":30},"end":{"line":40,"column":31}},"loc":{"start":{"line":40,"column":42},"end":{"line":42,"column":5}},"line":40},"3":{"name":"(anonymous_3)","decl":{"start":{"line":45,"column":40},"end":{"line":45,"column":41}},"loc":{"start":{"line":45,"column":46},"end":{"line":47,"column":3}},"line":45},"4":{"name":"(anonymous_4)","decl":{"start":{"line":49,"column":39},"end":{"line":49,"column":40}},"loc":{"start":{"line":49,"column":45},"end":{"line":51,"column":3}},"line":49},"5":{"name":"(anonymous_5)","decl":{"start":{"line":54,"column":4},"end":{"line":54,"column":5}},"loc":{"start":{"line":54,"column":28},"end":{"line":56,"column":5}},"line":54},"6":{"name":"(anonymous_6)","decl":{"start":{"line":79,"column":22},"end":{"line":79,"column":23}},"loc":{"start":{"line":79,"column":34},"end":{"line":79,"column":45}},"line":79},"7":{"name":"(anonymous_7)","decl":{"start":{"line":83,"column":20},"end":{"line":83,"column":21}},"loc":{"start":{"line":84,"column":10},"end":{"line":101,"column":30}},"line":84},"8":{"name":"(anonymous_8)","decl":{"start":{"line":85,"column":21},"end":{"line":85,"column":22}},"loc":{"start":{"line":85,"column":27},"end":{"line":85,"column":67}},"line":85}},"branchMap":{},"s":{"0":0,"1":0,"2":0,"3":0,"4":0,"5":0,"6":0,"7":0,"8":0,"9":0,"10":0,"11":0,"12":0,"13":0,"14":0,"15":0,"16":0},"f":{"0":0,"1":0,"2":0,"3":0,"4":0,"5":0,"6":0,"7":0,"8":0},"b":{}}
,"/media/thais/Projetos/Projetos/dev/GoStack-Novo-Nivel03/appgobarber/src/pages/Profile/index.tsx": {"path":"/media/thais/Projetos/Projetos/dev/GoStack-Novo-Nivel03/appgobarber/src/pages/Profile/index.tsx","statementMap":{"0":{"start":{"line":40,"column":26},"end":{"line":256,"column":1}},"1":{"start":{"line":41,"column":31},"end":{"line":41,"column":40}},"2":{"start":{"line":42,"column":18},"end":{"line":42,"column":43}},"3":{"start":{"line":43,"column":21},"end":{"line":43,"column":36}},"4":{"start":{"line":45,"column":24},"end":{"line":45,"column":47}},"5":{"start":{"line":46,"column":27},"end":{"line":46,"column":50}},"6":{"start":{"line":47,"column":30},"end":{"line":47,"column":53}},"7":{"start":{"line":48,"column":34},"end":{"line":48,"column":57}},"8":{"start":{"line":50,"column":23},"end":{"line":122,"column":3}},"9":{"start":{"line":52,"column":6},"end":{"line":119,"column":7}},"10":{"start":{"line":53,"column":8},"end":{"line":53,"column":39}},"11":{"start":{"line":55,"column":23},"end":{"line":73,"column":10}},"12":{"start":{"line":62,"column":23},"end":{"line":62,"column":35}},"13":{"start":{"line":68,"column":25},"end":{"line":68,"column":37}},"14":{"start":{"line":75,"column":8},"end":{"line":77,"column":11}},"15":{"start":{"line":85,"column":12},"end":{"line":85,"column":16}},"16":{"start":{"line":87,"column":25},"end":{"line":97,"column":9}},"17":{"start":{"line":99,"column":25},"end":{"line":99,"column":60}},"18":{"start":{"line":101,"column":8},"end":{"line":101,"column":39}},"19":{"start":{"line":103,"column":8},"end":{"line":103,"column":54}},"20":{"start":{"line":105,"column":8},"end":{"line":105,"column":28}},"21":{"start":{"line":107,"column":8},"end":{"line":113,"column":9}},"22":{"start":{"line":108,"column":25},"end":{"line":108,"column":49}},"23":{"start":{"line":110,"column":10},"end":{"line":110,"column":45}},"24":{"start":{"line":112,"column":10},"end":{"line":112,"column":17}},"25":{"start":{"line":115,"column":8},"end":{"line":118,"column":10}},"26":{"start":{"line":124,"column":29},"end":{"line":157,"column":27}},"27":{"start":{"line":125,"column":4},"end":{"line":156,"column":6}},"28":{"start":{"line":133,"column":8},"end":{"line":135,"column":9}},"29":{"start":{"line":134,"column":10},"end":{"line":134,"column":17}},"30":{"start":{"line":137,"column":8},"end":{"line":140,"column":9}},"31":{"start":{"line":138,"column":10},"end":{"line":138,"column":54}},"32":{"start":{"line":139,"column":10},"end":{"line":139,"column":17}},"33":{"start":{"line":142,"column":21},"end":{"line":142,"column":35}},"34":{"start":{"line":144,"column":8},"end":{"line":148,"column":11}},"35":{"start":{"line":150,"column":8},"end":{"line":154,"column":11}},"36":{"start":{"line":151,"column":10},"end":{"line":151,"column":40}},"37":{"start":{"line":152,"column":10},"end":{"line":152,"column":45}},"38":{"start":{"line":153,"column":10},"end":{"line":153,"column":39}},"39":{"start":{"line":159,"column":23},"end":{"line":161,"column":18}},"40":{"start":{"line":160,"column":4},"end":{"line":160,"column":24}},"41":{"start":{"line":162,"column":2},"end":{"line":255,"column":4}},"42":{"start":{"line":196,"column":18},"end":{"line":196,"column":49}},"43":{"start":{"line":209,"column":18},"end":{"line":209,"column":52}},"44":{"start":{"line":222,"column":39},"end":{"line":222,"column":75}},"45":{"start":{"line":233,"column":39},"end":{"line":233,"column":79}},"46":{"start":{"line":244,"column":39},"end":{"line":244,"column":68}},"47":{"start":{"line":247,"column":37},"end":{"line":247,"column":66}}},"fnMap":{"0":{"name":"(anonymous_0)","decl":{"start":{"line":40,"column":26},"end":{"line":40,"column":27}},"loc":{"start":{"line":40,"column":32},"end":{"line":256,"column":1}},"line":40},"1":{"name":"(anonymous_1)","decl":{"start":{"line":51,"column":4},"end":{"line":51,"column":5}},"loc":{"start":{"line":51,"column":37},"end":{"line":120,"column":5}},"line":51},"2":{"name":"(anonymous_2)","decl":{"start":{"line":62,"column":16},"end":{"line":62,"column":17}},"loc":{"start":{"line":62,"column":23},"end":{"line":62,"column":35}},"line":62},"3":{"name":"(anonymous_3)","decl":{"start":{"line":68,"column":18},"end":{"line":68,"column":19}},"loc":{"start":{"line":68,"column":25},"end":{"line":68,"column":37}},"line":68},"4":{"name":"(anonymous_4)","decl":{"start":{"line":124,"column":41},"end":{"line":124,"column":42}},"loc":{"start":{"line":124,"column":47},"end":{"line":157,"column":3}},"line":124},"5":{"name":"(anonymous_5)","decl":{"start":{"line":132,"column":6},"end":{"line":132,"column":7}},"loc":{"start":{"line":132,"column":18},"end":{"line":155,"column":7}},"line":132},"6":{"name":"(anonymous_6)","decl":{"start":{"line":150,"column":44},"end":{"line":150,"column":45}},"loc":{"start":{"line":150,"column":59},"end":{"line":154,"column":9}},"line":150},"7":{"name":"(anonymous_7)","decl":{"start":{"line":159,"column":35},"end":{"line":159,"column":36}},"loc":{"start":{"line":159,"column":41},"end":{"line":161,"column":3}},"line":159},"8":{"name":"(anonymous_8)","decl":{"start":{"line":195,"column":33},"end":{"line":195,"column":34}},"loc":{"start":{"line":195,"column":39},"end":{"line":197,"column":17}},"line":195},"9":{"name":"(anonymous_9)","decl":{"start":{"line":208,"column":33},"end":{"line":208,"column":34}},"loc":{"start":{"line":208,"column":39},"end":{"line":210,"column":17}},"line":208},"10":{"name":"(anonymous_10)","decl":{"start":{"line":222,"column":33},"end":{"line":222,"column":34}},"loc":{"start":{"line":222,"column":39},"end":{"line":222,"column":75}},"line":222},"11":{"name":"(anonymous_11)","decl":{"start":{"line":233,"column":33},"end":{"line":233,"column":34}},"loc":{"start":{"line":233,"column":39},"end":{"line":233,"column":79}},"line":233},"12":{"name":"(anonymous_12)","decl":{"start":{"line":244,"column":33},"end":{"line":244,"column":34}},"loc":{"start":{"line":244,"column":39},"end":{"line":244,"column":68}},"line":244},"13":{"name":"(anonymous_13)","decl":{"start":{"line":247,"column":31},"end":{"line":247,"column":32}},"loc":{"start":{"line":247,"column":37},"end":{"line":247,"column":66}},"line":247}},"branchMap":{"0":{"loc":{"start":{"line":90,"column":14},"end":{"line":96,"column":16}},"type":"cond-expr","locations":[{"start":{"line":91,"column":14},"end":{"line":95,"column":15}},{"start":{"line":96,"column":14},"end":{"line":96,"column":16}}],"line":90},"1":{"loc":{"start":{"line":107,"column":8},"end":{"line":113,"column":9}},"type":"if","locations":[{"start":{"line":107,"column":8},"end":{"line":113,"column":9}},{"start":{"line":107,"column":8},"end":{"line":113,"column":9}}],"line":107},"2":{"loc":{"start":{"line":133,"column":8},"end":{"line":135,"column":9}},"type":"if","locations":[{"start":{"line":133,"column":8},"end":{"line":135,"column":9}},{"start":{"line":133,"column":8},"end":{"line":135,"column":9}}],"line":133},"3":{"loc":{"start":{"line":137,"column":8},"end":{"line":140,"column":9}},"type":"if","locations":[{"start":{"line":137,"column":8},"end":{"line":140,"column":9}},{"start":{"line":137,"column":8},"end":{"line":140,"column":9}}],"line":137},"4":{"loc":{"start":{"line":166,"column":18},"end":{"line":166,"column":63}},"type":"cond-expr","locations":[{"start":{"line":166,"column":42},"end":{"line":166,"column":51}},{"start":{"line":166,"column":54},"end":{"line":166,"column":63}}],"line":166}},"s":{"0":0,"1":0,"2":0,"3":0,"4":0,"5":0,"6":0,"7":0,"8":0,"9":0,"10":0,"11":0,"12":0,"13":0,"14":0,"15":0,"16":0,"17":0,"18":0,"19":0,"20":0,"21":0,"22":0,"23":0,"24":0,"25":0,"26":0,"27":0,"28":0,"29":0,"30":0,"31":0,"32":0,"33":0,"34":0,"35":0,"36":0,"37":0,"38":0,"39":0,"40":0,"41":0,"42":0,"43":0,"44":0,"45":0,"46":0,"47":0},"f":{"0":0,"1":0,"2":0,"3":0,"4":0,"5":0,"6":0,"7":0,"8":0,"9":0,"10":0,"11":0,"12":0,"13":0},"b":{"0":[0,0],"1":[0,0],"2":[0,0],"3":[0,0],"4":[0,0]}}
,"/media/thais/Projetos/Projetos/dev/GoStack-Novo-Nivel03/appgobarber/src/pages/SignIn/index.tsx": {"path":"/media/thais/Projetos/Projetos/dev/GoStack-Novo-Nivel03/appgobarber/src/pages/SignIn/index.tsx","statementMap":{"0":{"start":{"line":41,"column":25},"end":{"line":152,"column":1}},"1":{"start":{"line":42,"column":18},"end":{"line":42,"column":43}},"2":{"start":{"line":43,"column":27},"end":{"line":43,"column":50}},"3":{"start":{"line":45,"column":21},"end":{"line":45,"column":36}},"4":{"start":{"line":47,"column":21},"end":{"line":47,"column":30}},"5":{"start":{"line":49,"column":23},"end":{"line":87,"column":3}},"6":{"start":{"line":51,"column":6},"end":{"line":84,"column":7}},"7":{"start":{"line":52,"column":8},"end":{"line":52,"column":39}},"8":{"start":{"line":54,"column":23},"end":{"line":59,"column":10}},"9":{"start":{"line":61,"column":8},"end":{"line":63,"column":11}},"10":{"start":{"line":65,"column":8},"end":{"line":68,"column":11}},"11":{"start":{"line":70,"column":8},"end":{"line":78,"column":9}},"12":{"start":{"line":71,"column":25},"end":{"line":71,"column":49}},"13":{"start":{"line":73,"column":10},"end":{"line":73,"column":27}},"14":{"start":{"line":75,"column":10},"end":{"line":75,"column":45}},"15":{"start":{"line":77,"column":10},"end":{"line":77,"column":17}},"16":{"start":{"line":80,"column":8},"end":{"line":83,"column":10}},"17":{"start":{"line":89,"column":2},"end":{"line":151,"column":4}},"18":{"start":{"line":116,"column":18},"end":{"line":116,"column":52}},"19":{"start":{"line":127,"column":18},"end":{"line":127,"column":48}},"20":{"start":{"line":133,"column":16},"end":{"line":133,"column":46}},"21":{"start":{"line":146,"column":42},"end":{"line":146,"column":71}}},"fnMap":{"0":{"name":"(anonymous_0)","decl":{"start":{"line":41,"column":25},"end":{"line":41,"column":26}},"loc":{"start":{"line":41,"column":31},"end":{"line":152,"column":1}},"line":41},"1":{"name":"(anonymous_1)","decl":{"start":{"line":50,"column":4},"end":{"line":50,"column":5}},"loc":{"start":{"line":50,"column":36},"end":{"line":85,"column":5}},"line":50},"2":{"name":"(anonymous_2)","decl":{"start":{"line":115,"column":33},"end":{"line":115,"column":34}},"loc":{"start":{"line":115,"column":39},"end":{"line":117,"column":17}},"line":115},"3":{"name":"(anonymous_3)","decl":{"start":{"line":126,"column":33},"end":{"line":126,"column":34}},"loc":{"start":{"line":126,"column":39},"end":{"line":128,"column":17}},"line":126},"4":{"name":"(anonymous_4)","decl":{"start":{"line":132,"column":23},"end":{"line":132,"column":24}},"loc":{"start":{"line":132,"column":29},"end":{"line":134,"column":15}},"line":132},"5":{"name":"(anonymous_5)","decl":{"start":{"line":139,"column":37},"end":{"line":139,"column":38}},"loc":{"start":{"line":139,"column":43},"end":{"line":139,"column":45}},"line":139},"6":{"name":"(anonymous_6)","decl":{"start":{"line":146,"column":36},"end":{"line":146,"column":37}},"loc":{"start":{"line":146,"column":42},"end":{"line":146,"column":71}},"line":146}},"branchMap":{"0":{"loc":{"start":{"line":70,"column":8},"end":{"line":78,"column":9}},"type":"if","locations":[{"start":{"line":70,"column":8},"end":{"line":78,"column":9}},{"start":{"line":70,"column":8},"end":{"line":78,"column":9}}],"line":70},"1":{"loc":{"start":{"line":93,"column":18},"end":{"line":93,"column":63}},"type":"cond-expr","locations":[{"start":{"line":93,"column":42},"end":{"line":93,"column":51}},{"start":{"line":93,"column":54},"end":{"line":93,"column":63}}],"line":93}},"s":{"0":1,"1":1,"2":1,"3":1,"4":1,"5":1,"6":0,"7":0,"8":0,"9":0,"10":0,"11":0,"12":0,"13":0,"14":0,"15":0,"16":0,"17":1,"18":0,"19":0,"20":0,"21":0},"f":{"0":1,"1":0,"2":0,"3":0,"4":0,"5":0,"6":0},"b":{"0":[0,0],"1":[1,0]},"_coverageSchema":"1a1c01bbd47fc00a2c39e90264f33305004495a9","hash":"06e2e856a71e5d8f797ac2928285f63db21f8d2d"}
,"/media/thais/Projetos/Projetos/dev/GoStack-Novo-Nivel03/appgobarber/src/pages/SignUp/index.tsx": {"path":"/media/thais/Projetos/Projetos/dev/GoStack-Novo-Nivel03/appgobarber/src/pages/SignUp/index.tsx","statementMap":{"0":{"start":{"line":34,"column":25},"end":{"line":146,"column":1}},"1":{"start":{"line":35,"column":18},"end":{"line":35,"column":43}},"2":{"start":{"line":36,"column":21},"end":{"line":36,"column":36}},"3":{"start":{"line":38,"column":24},"end":{"line":38,"column":47}},"4":{"start":{"line":39,"column":27},"end":{"line":39,"column":50}},"5":{"start":{"line":41,"column":23},"end":{"line":79,"column":3}},"6":{"start":{"line":43,"column":6},"end":{"line":76,"column":7}},"7":{"start":{"line":44,"column":8},"end":{"line":44,"column":39}},"8":{"start":{"line":46,"column":23},"end":{"line":52,"column":10}},"9":{"start":{"line":53,"column":8},"end":{"line":55,"column":11}},"10":{"start":{"line":57,"column":8},"end":{"line":57,"column":39}},"11":{"start":{"line":59,"column":8},"end":{"line":60,"column":53}},"12":{"start":{"line":62,"column":8},"end":{"line":62,"column":28}},"13":{"start":{"line":64,"column":8},"end":{"line":70,"column":9}},"14":{"start":{"line":65,"column":25},"end":{"line":65,"column":49}},"15":{"start":{"line":67,"column":10},"end":{"line":67,"column":45}},"16":{"start":{"line":69,"column":10},"end":{"line":69,"column":17}},"17":{"start":{"line":72,"column":8},"end":{"line":75,"column":10}},"18":{"start":{"line":81,"column":2},"end":{"line":145,"column":4}},"19":{"start":{"line":102,"column":14},"end":{"line":102,"column":45}},"20":{"start":{"line":115,"column":12},"end":{"line":115,"column":46}},"21":{"start":{"line":126,"column":39},"end":{"line":126,"column":68}},"22":{"start":{"line":130,"column":35},"end":{"line":130,"column":64}},"23":{"start":{"line":138,"column":35},"end":{"line":138,"column":64}}},"fnMap":{"0":{"name":"(anonymous_0)","decl":{"start":{"line":34,"column":25},"end":{"line":34,"column":26}},"loc":{"start":{"line":34,"column":31},"end":{"line":146,"column":1}},"line":34},"1":{"name":"(anonymous_1)","decl":{"start":{"line":42,"column":4},"end":{"line":42,"column":5}},"loc":{"start":{"line":42,"column":36},"end":{"line":77,"column":5}},"line":42},"2":{"name":"(anonymous_2)","decl":{"start":{"line":101,"column":33},"end":{"line":101,"column":34}},"loc":{"start":{"line":101,"column":39},"end":{"line":103,"column":17}},"line":101},"3":{"name":"(anonymous_3)","decl":{"start":{"line":114,"column":33},"end":{"line":114,"column":34}},"loc":{"start":{"line":114,"column":39},"end":{"line":116,"column":17}},"line":114},"4":{"name":"(anonymous_4)","decl":{"start":{"line":126,"column":33},"end":{"line":126,"column":34}},"loc":{"start":{"line":126,"column":39},"end":{"line":126,"column":68}},"line":126},"5":{"name":"(anonymous_5)","decl":{"start":{"line":130,"column":29},"end":{"line":130,"column":30}},"loc":{"start":{"line":130,"column":35},"end":{"line":130,"column":64}},"line":130},"6":{"name":"(anonymous_6)","decl":{"start":{"line":138,"column":29},"end":{"line":138,"column":30}},"loc":{"start":{"line":138,"column":35},"end":{"line":138,"column":64}},"line":138}},"branchMap":{"0":{"loc":{"start":{"line":64,"column":8},"end":{"line":70,"column":9}},"type":"if","locations":[{"start":{"line":64,"column":8},"end":{"line":70,"column":9}},{"start":{"line":64,"column":8},"end":{"line":70,"column":9}}],"line":64},"1":{"loc":{"start":{"line":83,"column":58},"end":{"line":83,"column":103}},"type":"cond-expr","locations":[{"start":{"line":83,"column":82},"end":{"line":83,"column":91}},{"start":{"line":83,"column":94},"end":{"line":83,"column":103}}],"line":83}},"s":{"0":0,"1":0,"2":0,"3":0,"4":0,"5":0,"6":0,"7":0,"8":0,"9":0,"10":0,"11":0,"12":0,"13":0,"14":0,"15":0,"16":0,"17":0,"18":0,"19":0,"20":0,"21":0,"22":0,"23":0},"f":{"0":0,"1":0,"2":0,"3":0,"4":0,"5":0,"6":0},"b":{"0":[0,0],"1":[0,0]}}
}
